make.exe all --print-data-base --no-builtin-variables --no-builtin-rules --question
# GNU Make 3.82.90
# Built for i686-pc-mingw32
# Copyright (C) 1988-2012 Free Software Foundation, Inc.
# License GPLv3+: GNU GPL version 3 or later <http://gnu.org/licenses/gpl.html>
# This is free software: you are free to change and redistribute it.
# There is NO WARRANTY, to the extent permitted by law.
 

# Make data base, printed on Tue Aug 16 14:12:35 2022

# Variables

# automatic
<D = $(patsubst %/,%,$(patsubst %\,%,$(dir $<)))
# automatic
?F = $(notdir $?)
# default
.SHELLFLAGS := -c
# makefile
MAKEFLAGS = Rrqp
# automatic
?D = $(patsubst %/,%,$(patsubst %\,%,$(dir $?)))
# automatic
@D = $(patsubst %/,%,$(patsubst %\,%,$(dir $@)))
# environment
HOMEDRIVE = C:
# automatic
@F = $(notdir $@)
# automatic
^D = $(patsubst %/,%,$(patsubst %\,%,$(dir $^)))
# makefile
CURDIR := c:/Users/chiou/OneDrive/Learn/Programing/C/Makefile
# default
SHELL := sh.exe
# environment
NVCUDASAMPLES11_2_ROOT = C:\ProgramData\NVIDIA Corporation\CUDA Samples\v11.2
# environment
WINDIR = C:\WINDOWS
# environment
VSCODE_NLS_CONFIG = {"locale":"en-us","availableLanguages":{},"_languagePackSupport":true}
# environment
ONEDRIVE = C:\Users\chiou\OneDrive
# environment
PATHEXT = .COM;.EXE;.BAT;.CMD;.VBS;.VBE;.JS;.JSE;.WSF;.WSH;.MSC
# makefile (from 'Makefile', line 1)
MAKEFILE_LIST :=  Makefile
# environment
FPS_BROWSER_USER_PROFILE_STRING 
 = Default
# environment
TMP = C:\Users\chiou\AppData\Local\Temp
# environment
PROGRAMW6432 = C:\Program Files
# environment
PROGRAMDATA = C:\ProgramData
# environment
AUTINSTLOG = C:\ProgramData\Siemens\Automation\Logfiles\Setup\
# environment
VSCODE_CWD = C:\Users\chiou\AppData\Local\Programs\Microsoft VS Code
# environment
PATH = C:\Program Files\NVIDIA GPU Computing Toolkit\CUDA\v11.2\bin;C:\Program Files\NVIDIA GPU Computing Toolkit\CUDA\v11.2\libnvvp;C:\Program Files\Common Files\Siemens\Automation\Simatic OAM\bin;C:\Windows\system32;C:\Windows;C:\Windows\System32\Wbem;C:\Windows\System32\WindowsPowerShell\v1.0\;C:\Windows\System32\OpenSSH\;C:\Program Files (x86)\NVIDIA Corporation\PhysX\Common;C:\Program Files\NVIDIA Corporation\NVIDIA NvDLISR;C:\Program Files\Microsoft SQL Server\130\Tools\Binn\;C:\Program Files\Microsoft SQL Server\Client SDK\ODBC\170\Tools\Binn\;C:\WINDOWS\system32;C:\WINDOWS;C:\WINDOWS\System32\Wbem;C:\WINDOWS\System32\WindowsPowerShell\v1.0\;C:\WINDOWS\System32\OpenSSH\;C:\Program Files\Microsoft SQL Server\Client SDK\ODBC\130\Tools\Binn\;C:\Program Files (x86)\Microsoft SQL Server\130\Tools\Binn\;C:\Program Files\Microsoft SQL Server\130\DTS\Binn\;C:\Program Files (x86)\Common Files\Siemens\;C:\Program Files (x86)\Common Files\Siemens\Interfaces;C:\Program Files (x86)\Common Files\Siemens\ACE\Interfaces;C:\Program Files\NVIDIA GPU Computing Toolkit\CUDA\v11.2\include;C:\Program Files\NVIDIA GPU Computing Toolkit\CUDA\v11.2\extras\CUPTI\lib64;C:\Program Files\NVIDIA GPU Computing Toolkit\CUDA\v11.2\bin;C:\Program Files\NVIDIA GPU Computing Toolkit\CUDA\v11.2\cuda\bin;C:\Program Files\NVIDIA GPU Computing Toolkit\CUDA\v11.2\libnvvp;C:\Program Files\NVIDIA Corporation\Nsight Compute 2020.3.0\;C:\Program Files\Git\cmd;C:\Program Files (x86)\GnuWin32\bin;C:\Users\chiou\AppData\Local\Programs\Python\Python39\Scripts\;C:\Users\chiou\AppData\Local\Programs\Python\Python39\;C:\Users\chiou\AppData\Local\Microsoft\WindowsApps;C:\Users\chiou\AppData\Local\Programs\Microsoft VS Code\bin;C:\Users\chiou\AppData\Local\GitHubDesktop\bin;C:\Program Files\NVIDIA GPU Computing Toolkit\CUDA\v11.2\bin;C:\Program Files\NVIDIA GPU Computing Toolkit\CUDA\v11.2\libnvvp;C:\MinGW\bin;C:\Program Files (x86)\GnuWin32\bin;
# environment
SIMATIC_OAM_DATA = C:\ProgramData\Siemens\Automation\Simatic OAM
# environment
COMMONPROGRAMW6432 = C:\Program Files\Common Files
# environment
ZES_ENABLE_SYSMAN = 1
# environment
PROCESSOR_ARCHITECTURE = x86
# environment
USERPROFILE = C:\Users\chiou
# environment
ALLUSERSPROFILE = C:\ProgramData
# environment
NUMBER_OF_PROCESSORS = 12
# environment
ELECTRON_RUN_AS_NODE = 1
# default
.FEATURES := target-specific order-only second-expansion else-if shortest-stem undefine oneshell archives jobserver
# environment
NVTOOLSEXT_PATH = C:\Program Files\NVIDIA Corporation\NvToolsExt\
# automatic
%F = $(notdir $%)
# environment
CHROME_CRASHPAD_PIPE_NAME = \\.\pipe\crashpad_29860_VUQNKNHXIMTDESGZ
# environment
COMPUTERNAME = LAPTOP-K150AB6T
# environment
PROGRAMFILES = C:\Program Files (x86)
# environment
CUDA_PATH_V11_2 = C:\Program Files\NVIDIA GPU Computing Toolkit\CUDA\v11.2
# environment
DRIVERDATA = C:\Windows\System32\Drivers\DriverData
# environment
NVCUDASAMPLES_ROOT = C:\ProgramData\NVIDIA Corporation\CUDA Samples\v11.2
# environment
ORIGINAL_XDG_CURRENT_DESKTOP = undefined
# environment
USERNAME = chiou
# environment
SIMATIC_OAM = C:\Program Files\Common Files\Siemens\Automation\Simatic OAM
# environment
PUBLIC = C:\Users\Public
# environment
VSCODE_AMD_ENTRYPOINT = vs/workbench/api/node/extensionHostProcess
# environment
VSCODE_CODE_CACHE_PATH = C:\Users\chiou\AppData\Roaming\Code\CachedData\6d9b74a70ca9c7733b29f0456fd8195364076dda
# environment
APPLICATION_INSIGHTS_NO_DIAGNOSTIC_CHANNEL = 1
# environment
COMMONPROGRAMFILES = C:\Program Files (x86)\Common Files
# environment
LOGONSERVER = \\LAPTOP-K150AB6T
# environment
ONEDRIVECONSUMER = C:\Users\chiou\OneDrive
# environment
VSCODE_HANDLES_UNCAUGHT_ERRORS = true
# environment
USERDOMAIN = LAPTOP-K150AB6T
# environment
MAKELEVEL := 0
# environment
MAKE = C:\Program Files (x86)\GnuWin32\bin
# default
MAKECMDGOALS := all
# default
MAKE_VERSION := 3.82.90
# makefile
.DEFAULT_GOAL := a
# environment
PROGRAMFILES(X86) = C:\Program Files (x86)
# automatic
%D = $(patsubst %/,%,$(patsubst %\,%,$(dir $%)))
# environment
LOCALAPPDATA = C:\Users\chiou\AppData\Local
# environment
PSMODULEPATH = C:\Program Files\WindowsPowerShell\Modules;C:\WINDOWS\system32\WindowsPowerShell\v1.0\Modules;C:\Program Files (x86)\Microsoft SQL Server\130\Tools\PowerShell\Modules\
# default
MAKE_COMMAND := make.exe
# environment
PROCESSOR_ARCHITEW6432 = AMD64
# default
.VARIABLES := 
# automatic
*F = $(notdir $*)
# environment
PROCESSOR_IDENTIFIER = Intel64 Family 6 Model 165 Stepping 2, GenuineIntel
# environment
OS = Windows_NT
# environment
VSCODE_IPC_HOOK = \\.\pipe\2acd7f9eb824f3488d6e8ea2cb6ea1a6-1.70.1-main-sock
# environment
HOMEPATH = \Users\chiou
# environment
COMMONPROGRAMFILES(X86) = C:\Program Files (x86)\Common Files
# environment
PROMPT = $P$G
# environment
MFLAGS = -Rrqp
# automatic
*D = $(patsubst %/,%,$(patsubst %\,%,$(dir $*)))
# environment
SYSTEMROOT = C:\WINDOWS
# automatic
+D = $(patsubst %/,%,$(patsubst %\,%,$(dir $+)))
# automatic
+F = $(notdir $+)
# environment
APPDATA = C:\Users\chiou\AppData\Roaming
# environment
TEMP = C:\Users\chiou\AppData\Local\Temp
# environment
COMSPEC = C:\WINDOWS\system32\cmd.exe
# default
MAKEFILES := 
# automatic
<F = $(notdir $<)
# environment
LC_ALL = C
# automatic
^F = $(notdir $^)
# environment
CUDA_PATH = C:\Program  
Files\NVIDIA GPU Computing Toolkit\CUDA\v11.2
# default
SUFFIXES := 
# environment
SYSTEMDRIVE = C:
# environment
SESSIONNAME = Console
# environment
PROCESSOR_REVISION = a502
# default
.INCLUDE_DIRS = C:/MinGW/include
# default
.RECIPEPREFIX := 
# environment
LANG = C
# environment
PROCESSOR_LEVEL = 6
# environment
FPS_BROWSER_APP_PROFILE_STRING = Internet Explorer
# environment
VSCODE_PID = 29860
# environment
USERDOMAIN_ROAMINGPROFILE = LAPTOP-K150AB6T
# variable set hash-table stats:
# Load=96/1024=9%, Rehash=0, Collisions=11/116=9%

# Pattern-specific Variable Values

# No pattern-specific variable values.

# Directories

# C:\Program Files\NVIDIA GPU Computing Toolkit\CUDA\v11.2\extras\CUPTI\lib64 (key C:/Program Files/NVIDIA GPU Computing Toolkit/CUDA/v11.2/extras/CUPTI/lib64, mtime 1656658276): 8 files, no impossibilities.
# C:\Program Files\NVIDIA Corporation\NVIDIA NvDLISR (key C:/Program Files/NVIDIA Corporation/NVIDIA NvDLISR, mtime 1588192901): 5 files, no impossibilities.
# C:\Program Files (x86)\Microsoft SQL Server\130\Tools\Binn\ (key C:/Program Files (x86)/Microsoft SQL Server/130/Tools/Binn/, mtime 1627611583): 12 files, no impossibilities.
# C:\Program Files\NVIDIA GPU Computing Toolkit\CUDA\v11.2\include (key C:/Program Files/NVIDIA GPU Computing Toolkit/CUDA/v11.2/include, mtime 1656660635): 160 files, no impossibilities.
# C:\Windows\System32\WindowsPowerShell\v1.0\ (key C:/Windows/System32/WindowsPowerShell/v1.0/, mtime 1654659837): 32 files, no impossibilities.
# C:\WINDOWS\System32\Wbem (key C:/WINDOWS/System32/Wbem, mtime 1654660522): 155 files, no impossibilities.
# . (key c:/Users/chiou/OneDrive/Learn/Programing/C/Makefile, mtime 1660481162): 6 files, no impossibilities.
# C:\Program Files\NVIDIA GPU Computing Toolkit\CUDA\v11.2\cuda\bin: could not be stat'd.
# C:\Program Files\Microsoft SQL Server\Client SDK\ODBC\170\Tools\Binn\: could not be stat'd.
# C:\Users\chiou\AppData\Local\Programs\Python\Python39\ (key C:/Users/chiou/AppData/Local/Programs/Python/Python39/, mtime 1660367009): 18 files, no impossibilities.
# C:\Program Files\Microsoft SQL Server\Client SDK\ODBC\130\Tools\Binn\ (key C:/Program Files/Microsoft SQL Server/Client SDK/ODBC/130/Tools/Binn/, mtime 1627611595): 6 files, no impossibilities.
# C:\Users\chiou\AppData\Local\Programs\Python\Python39\Scripts\ (key C:/Users/chiou/AppData/Local/Programs/Python/Python39/Scripts/, mtime 1660367009): 5 files, no impossibilities.
# C:\Program Files\Git\cmd (key C:/Program Files/Git/cmd, mtime 1659594285): 8 files, no impossibiliti 
es.
# C:\Windows\System32\OpenSSH\: could not be stat'd.
# C:\MinGW\bin (key C:/MinGW/bin, mtime 1660121549): 129 files, no impossibilities.
# C:\Program Files (x86)\NVIDIA Corporation\PhysX\Common (key C:/Program Files (x86)/NVIDIA Corporation/PhysX/Common, mtime 1588192786): 10 files, no impossibilities.
# C:\WINDOWS (key C:/WINDOWS, mtime 1660629799): 128 files, no impossibilities.
# C:\Program Files (x86)\Common Files\Siemens\Interfaces: could not be stat'd.
# C:\Program Files (x86)\GnuWin32\bin: could not be stat'd.
# C:\Program Files (x86)\Common Files\Siemens\ (key C:/Program Files (x86)/Common Files/Siemens/, mtime 1636270618): 9 files, no impossibilities.
# C:\Windows (key C:/Windows, mtime 1660629799): 128 files, no impossibilities.
# C:\Program Files\NVIDIA GPU Computing Toolkit\CUDA\v11.2\libnvvp (key C:/Program Files/NVIDIA GPU Computing Toolkit/CUDA/v11.2/libnvvp, mtime 1656658279): 14 files, no impossibilities.
# C:\Program Files (x86)\Common Files\Siemens\ACE\Interfaces: could not be stat'd.
# C:\Program Files\NVIDIA Corporation\Nsight Compute 2020.3.0\ (key C:/Program Files/NVIDIA Corporation/Nsight Compute 2020.3.0/, mtime 1656658268): 12 files, no impossibilities.
# C:\Users\chiou\AppData\Local\Microsoft\WindowsApps (key C:/Users/chiou/AppData/Local/Microsoft/WindowsApps, mtime 1660629518): 26 files, no impossibilities.
# C:\Program Files\Microsoft SQL Server\130\Tools\Binn\ (key C:/Program Files/Microsoft SQL Server/130/Tools/Binn/, mtime 1627611583): 15 files, no impossibilities.
# C:\Windows\System32\Wbem (key C:/Windows/System32/Wbem, mtime 1654660522): 155 files, no impossibilities.
# C:\Program Files\Common Files\Siemens\Automation\Simatic OAM\bin (key C:/Program Files/Common Files/Siemens/Automation/Simatic OAM/bin, mtime 1636267364): 126 files, no impossibilities.
# C:\Users\chiou\AppData\Local\GitHubDesktop\bin (key C:/Users/chiou/AppData/Local/GitHubDesktop/bin, mtime 1654913539): 4 files, no impossibilities.
# C:\Users\chiou\AppData\Local\Programs\Microsoft VS Code\bin (key C:/Users/chiou/AppData/Local/Programs/Microsoft VS Code/bin, mtime 1660188281): 4 files, no impossibilities.
# C:\WINDOWS\System32\WindowsPowerShell\v1.0\ (key C:/WINDOWS/System32/WindowsPowerShell/v1.0/, mtime 1654659837): 32 files, no impossibilities.
# C:\Windows\system32 (key C:/Windows/system32, mtime 1660120089): 3236 files, no impossibilities.
# C:\Program Files\NVIDIA GPU Computing Toolkit\CUDA\v11.2\bin (key C:/Program Files/NVIDIA GPU Computing Toolkit/CUDA/v11.2/bin, mtime 1656660635): 53 files, no imposs 
ibilities.
# C:\Program Files\Microsoft SQL Server\130\DTS\Binn\ (key C:/Program Files/Microsoft SQL Server/130/DTS/Binn/, mtime 1627611595): 46 files, no impossibilities.
# C:\WINDOWS\System32\OpenSSH\: could not be stat'd.
# C:\WINDOWS\system32 (key C:/WINDOWS/system32, mtime 1660120089): 3236 files, no impossibilities.

# 7778 files, no impossibilities in 36 directories.

# Implicit Rules

# No implicit rules.

# Files

a:
#  Implicit rule search has not been done.
#  Modification time never checked.
#  File has not been updated.
#  recipe to execute (from 'Makefile', line 2):
	@echo "hello world"
	@ls ./
	g++ -o main main.cpp
	

# Not a target:
all:
#  Command line target.
#  Implicit rule search has been done.
#  File does not exist.
#  File has not been updated.

# Not a target:
.SUFFIXES:
#  Implicit rule search has not been done.
#  Modification time never checked.
#  File has not been updated.

# Not a target:
Makefile:
#  Implicit rule search has been done.
#  Last modified 2022-08-14 20:27:20
#  File has been updated.
#  Successfully updated.

# Not a target:
.DEFAULT:
#  Implicit rule search has not been done.
#  Modification time never checked.
#  File has not been updated.

clean:
#  Implicit rule search has not been done.
#  Modification time never checked.
#  File has not been updated.
#  recipe to execute (from 'Makefile', line 7):
	rm -rf main.exe
	@echo "make clean success"

# files hash-table stats:
# Load=6/1024=1%, Rehash=0, Collisions=0/16=0%
# VPATH Search Paths

# No 'vpath' search path 
make.exe: *** No rule to make target 'all'.  Stop.

s.

# No general ('VPATH' variable) search path.

# strcache buffers: 8 (6) / strings = 4140 / storage = 64160 B / avg = 15 B
# current buf: size = 8174 B / used = 7045 B / count = 393 / avg = 17 B
# other used: total = 55986 B / count = 3747 / avg = 14 B
# other free: total = 103 B / max = 44 B / min = 3 B / avg = 14 B

# strcache performance: lookups = 7824 / hit rate = 47%
# hash-table stats:
# Load=4140/8192=51%, Rehash=0, Collisions=3127/7824=40%
# Finished Make data base on Tue Aug 16 14:12:35 2022

 
